<?xml version="1.0" encoding="UTF-8"?>
<!-- Generated by org.testng.reporters.JUnitReportReporter -->
<testsuite hostname="XY-PC" name="testcase.NewTest" tests="2" failures="0" timestamp="29 Jul 2018 06:50:14 GMT" time="0.009" errors="0">
  <testcase name="f" time="0.004" classname="testcase.NewTest"/>
  <testcase name="f" time="0.005" classname="testcase.NewTest"/>
</testsuite> <!-- testcase.NewTest -->
